

> web@0.1.0 build /Users/hajung/Desktop/개인/TeamSync/apps/web
> next build --turbopack

   [1m[38;2;173;127;168m▲ Next.js 15.5.0[39m[22m (Turbopack)

 [37m[1m [22m[39m Creating an optimized production build ...
 ✓ Finished writing to disk in 34ms
 [32m[1m✓[22m[39m Compiled successfully in 1410ms
[?25l [37m[1m [22m[39m Linting and checking validity of types  [36m.[39m(node:18624) [MODULE_TYPELESS_PACKAGE_JSON] Warning: Module type of file:///Users/hajung/Desktop/%E1%84%80%E1%85%A2%E1%84%8B%E1%85%B5%E1%86%AB/TeamSync/packages/config/eslint-preset-next.js is not specified and it doesn't parse as CommonJS.
Reparsing as ES module because module syntax was detected. This incurs a performance overhead.
To eliminate this warning, add "type": "module" to /Users/hajung/Desktop/개인/TeamSync/packages/config/package.json.
(Use `node --trace-warnings ...` to show where the warning was created)
[2K[1G [37m[1m [22m[39m Linting and checking validity of types  [36m..[39m[2K[1G [37m[1m [22m[39m Linting and checking validity of types  [36m...[39m[2K[1G [37m[1m [22m[39m Linting and checking validity of types  [36m.[39m ⨯ ESLint: context.getAncestors is not a function Occurred while linting /Users/hajung/Desktop/개인/TeamSync/apps/web/src/app/layout.tsx:25 Rule: "@next/next/no-duplicate-head"
[2K[1G [37m[1m [22m[39m Linting and checking validity of types  [36m..[39m[2K[1G[?25h [37m[1m [22m[39m Linting and checking validity of types     [32m[1m✓[22m[39m Linting and checking validity of types 
[?25l [37m[1m [22m[39m Collecting page data  [36m.[39m[2K[1G[?25h [37m[1m [22m[39m Collecting page data     [32m[1m✓[22m[39m Collecting page data 
[?25l [37m[1m [22m[39m Generating static pages (0/5)  [36m[    ][39m[2K[1G [37m[1m [22m[39m Generating static pages (0/5)  [36m[=   ][39m[2K[1G[?25h [32m[1m✓[22m[39m Generating static pages (5/5)
[?25l [37m[1m [22m[39m Finalizing page optimization  [36m.[39m[?25l [37m[1m [22m[39m Collecting build traces  [36m.[39m[2K[1G [37m[1m [22m[39m Finalizing page optimization  [36m..[39m[2K[1G [37m[1m [22m[39m Collecting build traces  [36m..[39m[2K[1G [37m[1m [22m[39m Finalizing page optimization  [36m...[39m[2K[1G [37m[1m [22m[39m Collecting build traces  [36m...[39m[2K[1G [37m[1m [22m[39m Finalizing page optimization  [36m.[39m[2K[1G [37m[1m [22m[39m Collecting build traces  [36m.[39m[2K[1G [37m[1m [22m[39m Finalizing page optimization  [36m..[39m[2K[1G [37m[1m [22m[39m Collecting build traces  [36m..[39m[2K[1G [37m[1m [22m[39m Finalizing page optimization  [36m...[39m[2K[1G [37m[1m [22m[39m Collecting build traces  [36m...[39m[2K[1G [37m[1m [22m[39m Finalizing page optimization  [36m.[39m[2K[1G [37m[1m [22m[39m Collecting build traces  [36m.[39m[2K[1G [37m[1m [22m[39m Finalizing page optimization  [36m..[39m[2K[1G [37m[1m [22m[39m Collecting build traces  [36m..[39m[2K[1G [37m[1m [22m[39m Finalizing page optimization  [36m...[39m[2K[1G [37m[1m [22m[39m Collecting build traces  [36m...[39m[2K[1G [37m[1m [22m[39m Finalizing page optimization  [36m.[39m[2K[1G [37m[1m [22m[39m Collecting build traces  [36m.[39m[2K[1G [37m[1m [22m[39m Finalizing page optimization  [36m..[39m[2K[1G [37m[1m [22m[39m Collecting build traces  [36m..[39m[2K[1G [37m[1m [22m[39m Finalizing page optimization  [36m...[39m[2K[1G [37m[1m [22m[39m Collecting build traces  [36m...[39m[2K[1G[?25h [37m[1m [22m[39m Collecting build traces     [32m[1m✓[22m[39m Collecting build traces 
[2K[1G[?25h [37m[1m [22m[39m Finalizing page optimization     [32m[1m✓[22m[39m Finalizing page optimization 

[4mRoute (app)[24m                         [4mSize[24m  [4mFirst Load JS[24m  [4m[24m  [4m[24m
┌ ○ /                             5.4 kB         [37m[1m118 kB[22m[39m
└ ○ /_not-found                      0 B         [37m[1m113 kB[22m[39m
+ First Load JS shared by all     [37m[1m117 kB[22m[39m
  ├ chunks/1736a864897318d7.js   20.4 kB
  ├ chunks/9039e4dff885d792.js   75.3 kB
  └ other shared chunks (total)  21.2 kB


○  (Static)  prerendered as static content

[?25h
